Source file: progs.src
outputfile: ../../menu.dat
compiling config.qh
compiling ../common/util-pre.qh
compiling msys.qh
compiling mbuiltin.qh
compiling ../common/util.qh
compiling oo/base.h
compiling ../common/constants.qh
compiling ../common/mapinfo.qh
compiling ../common/campaign_common.qh
compiling ../common/items.qh
compiling gamecommand.qh
compiling menu.qh
compiling draw.qh
compiling skin.qh
compiling nexuiz/util.qh
compiling oo/classdefs.h
compiling classes.c
compiling oo/constructors.h
compiling classes.c
compiling oo/implementation.h
compiling classes.c
in function mouseDragRMHudSkinList (line 13),
nexuiz/rm_hudskinlist.qc:48: warning: mouseDragListBox: Too few parameters
item/listbox.c:8:    mouseDragListBox  is defined here
compiling ../common/util.qc
in function GametypeIDFromName (line 459),
../common/util.qc:459: warning: Local "name" defined with name of a global
in function GametypeFullNameFromName (line 475),
../common/util.qc:475: warning: Local "name" defined with name of a global
in function NormalizeGametypeName (line 482),
../common/util.qc:482: warning: Local "name" defined with name of a global
compiling ../common/gamecommand.qc
compiling gamecommand.qc
compiling menu.qc
in function m_init (line 18),
menu.qc:24: warning: too few parameters on call to registercvar
compiling draw.qc
compiling nexuiz/util.qc
compiling ../common/campaign_file.qc
compiling ../common/campaign_setup.qc
compiling ../common/mapinfo.qc
compiling ../common/items.qc
Progs should run on any Quake executor
Not writing linenumbers file due to conflicting optimisation
5 warnings
